# JRE version: OpenJDK Runtime Environment (11.0.5+10) (build 11.0.5+10-post-Ubuntu-2ubuntu116.04)
# Java VM: OpenJDK 64-Bit Server VM (11.0.5+10-post-Ubuntu-2ubuntu116.04, mixed mode, sharing, tiered, compressed oops, g1 gc, linux-amd64)
Heap:
 garbage-first heap   total 996352K, used 56952K [0x0000000705400000, 0x0000000800000000)
  region size 1024K, 3 young (3072K), 3 survivors (3072K)
 Metaspace       used 53561K, capacity 54670K, committed 54912K, reserved 1097728K
  class space    used 6555K, capacity 6952K, committed 7040K, reserved 1048576K
GC Heap History (20 events):
Event: 87.999 GC heap after
{Heap after GC invocations=13 (full 0):
 garbage-first heap   total 458752K, used 30433K [0x0000000705400000, 0x0000000800000000)
  region size 1024K, 6 young (6144K), 6 survivors (6144K)
 Metaspace       used 46863K, capacity 47842K, committed 48128K, reserved 1091584K
  class space    used 5921K, capacity 6308K, committed 6400K, reserved 1048576K
}
Event: 91.013 GC heap before
{Heap before GC invocations=13 (full 0):
 garbage-first heap   total 458752K, used 46817K [0x0000000705400000, 0x0000000800000000)
  region size 1024K, 23 young (23552K), 6 survivors (6144K)
 Metaspace       used 47424K, capacity 48500K, committed 48640K, reserved 1091584K
  class space    used 5958K, capacity 6377K, committed 6400K, reserved 1048576K
}
Event: 91.159 GC heap after
{Heap after GC invocations=14 (full 0):
 garbage-first heap   total 458752K, used 31111K [0x0000000705400000, 0x0000000800000000)
  region size 1024K, 7 young (7168K), 7 survivors (7168K)
 Metaspace       used 47424K, capacity 48500K, committed 48640K, reserved 1091584K
  class space    used 5958K, capacity 6377K, committed 6400K, reserved 1048576K
}
Event: 103.576 GC heap before
{Heap before GC invocations=15 (full 0):
 garbage-first heap   total 458752K, used 278919K [0x0000000705400000, 0x0000000800000000)
  region size 1024K, 249 young (254976K), 7 survivors (7168K)
 Metaspace       used 53413K, capacity 54478K, committed 54656K, reserved 1097728K
  class space    used 6555K, capacity 6952K, committed 7040K, reserved 1048576K
}
Event: 103.707 GC heap after
{Heap after GC invocations=16 (full 0):
 garbage-first heap   total 458752K, used 38983K [0x0000000705400000, 0x0000000800000000)
  region size 1024K, 15 young (15360K), 15 survivors (15360K)
 Metaspace       used 53413K, capacity 54478K, committed 54656K, reserved 1097728K
  class space    used 6555K, capacity 6952K, committed 7040K, reserved 1048576K
}
Event: 109.501 GC heap before
{Heap before GC invocations=16 (full 0):
 garbage-first heap   total 458752K, used 294983K [0x0000000705400000, 0x0000000800000000)
  region size 1024K, 265 young (271360K), 15 survivors (15360K)
 Metaspace       used 53553K, capacity 54606K, committed 54912K, reserved 1097728K
  class space    used 6555K, capacity 6952K, committed 7040K, reserved 1048576K
}
Event: 109.760 GC heap after
{Heap after GC invocations=17 (full 0):
 garbage-first heap   total 458752K, used 43794K [0x0000000705400000, 0x0000000800000000)
  region size 1024K, 19 young (19456K), 19 survivors (19456K)
 Metaspace       used 53553K, capacity 54606K, committed 54912K, reserved 1097728K
  class space    used 6555K, capacity 6952K, committed 7040K, reserved 1048576K
}
Event: 119.430 GC heap before
{Heap before GC invocations=17 (full 0):
 garbage-first heap   total 458752K, used 297746K [0x0000000705400000, 0x0000000800000000)
  region size 1024K, 267 young (273408K), 19 survivors (19456K)
 Metaspace       used 53557K, capacity 54670K, committed 54912K, reserved 1097728K
  class space    used 6555K, capacity 6952K, committed 7040K, reserved 1048576K
}
Event: 119.849 GC heap after
{Heap after GC invocations=18 (full 0):
 garbage-first heap   total 550912K, used 49494K [0x0000000705400000, 0x0000000800000000)
  region size 1024K, 22 young (22528K), 22 survivors (22528K)
 Metaspace       used 53557K, capacity 54670K, committed 54912K, reserved 1097728K
  class space    used 6555K, capacity 6952K, committed 7040K, reserved 1048576K
}
Event: 127.038 GC heap before
{Heap before GC invocations=18 (full 0):
 garbage-first heap   total 550912K, used 153942K [0x0000000705400000, 0x0000000800000000)
  region size 1024K, 124 young (126976K), 22 survivors (22528K)
 Metaspace       used 53560K, capacity 54670K, committed 54912K, reserved 1097728K
  class space    used 6555K, capacity 6952K, committed 7040K, reserved 1048576K
}
Event: 127.481 GC heap after
{Heap after GC invocations=19 (full 0):
 garbage-first heap   total 550912K, used 52461K [0x0000000705400000, 0x0000000800000000)
  region size 1024K, 10 young (10240K), 10 survivors (10240K)
 Metaspace       used 53560K, capacity 54670K, committed 54912K, reserved 1097728K
  class space    used 6555K, capacity 6952K, committed 7040K, reserved 1048576K
}
Event: 131.421 GC heap before
{Heap before GC invocations=19 (full 0):
 garbage-first heap   total 550912K, used 163053K [0x0000000705400000, 0x0000000800000000)
  region size 1024K, 118 young (120832K), 10 survivors (10240K)
 Metaspace       used 53560K, capacity 54670K, committed 54912K, reserved 1097728K
  class space    used 6555K, capacity 6952K, committed 7040K, reserved 1048576K
}
Event: 133.425 GC heap after
{Heap after GC invocations=20 (full 0):
 garbage-first heap   total 550912K, used 54968K [0x0000000705400000, 0x0000000800000000)
  region size 1024K, 6 young (6144K), 6 survivors (6144K)
 Metaspace       used 53560K, capacity 54670K, committed 54912K, reserved 1097728K
  class space    used 6555K, capacity 6952K, committed 7040K, reserved 1048576K
}
Event: 133.850 GC heap before
{Heap before GC invocations=20 (full 0):
 garbage-first heap   total 550912K, used 75448K [0x0000000705400000, 0x0000000800000000)
  region size 1024K, 26 young (26624K), 6 survivors (6144K)
 Metaspace       used 53560K, capacity 54670K, committed 54912K, reserved 1097728K
  class space    used 6555K, capacity 6952K, committed 7040K, reserved 1048576K
}
Event: 134.041 GC heap after
{Heap after GC invocations=21 (full 0):
 garbage-first heap   total 550912K, used 54968K [0x0000000705400000, 0x0000000800000000)
  region size 1024K, 1 young (1024K), 1 survivors (1024K)
 Metaspace       used 53560K, capacity 54670K, committed 54912K, reserved 1097728K
  class space    used 6555K, capacity 6952K, committed 7040K, reserved 1048576K
}
Event: 134.457 GC heap before
{Heap before GC invocations=21 (full 0):
 garbage-first heap   total 550912K, used 79544K [0x0000000705400000, 0x0000000800000000)
  region size 1024K, 26 young (26624K), 1 survivors (1024K)
 Metaspace       used 53560K, capacity 54670K, committed 54912K, reserved 1097728K
  class space    used 6555K, capacity 6952K, committed 7040K, reserved 1048576K
}
Event: 134.687 GC heap after
{Heap after GC invocations=22 (full 0):
 garbage-first heap   total 550912K, used 55170K [0x0000000705400000, 0x0000000800000000)
  region size 1024K, 2 young (2048K), 2 survivors (2048K)
 Metaspace       used 53560K, capacity 54670K, committed 54912K, reserved 1097728K
  class space    used 6555K, capacity 6952K, committed 7040K, reserved 1048576K
}
Event: 135.384 GC heap before
{Heap before GC invocations=22 (full 0):
 garbage-first heap   total 550912K, used 87938K [0x0000000705400000, 0x0000000800000000)
  region size 1024K, 34 young (34816K), 2 survivors (2048K)
 Metaspace       used 53560K, capacity 54670K, committed 54912K, reserved 1097728K
  class space    used 6555K, capacity 6952K, committed 7040K, reserved 1048576K
}
Event: 135.572 GC heap after
{Heap after GC invocations=23 (full 0):
 garbage-first heap   total 550912K, used 55955K [0x0000000705400000, 0x0000000800000000)
  region size 1024K, 2 young (2048K), 2 survivors (2048K)
 Metaspace       used 53560K, capacity 54670K, committed 54912K, reserved 1097728K
  class space    used 6555K, capacity 6952K, committed 7040K, reserved 1048576K
}
Event: 141.151 GC heap before
{Heap before GC invocations=23 (full 0):
 garbage-first heap   total 550912K, used 95891K [0x0000000705400000, 0x0000000800000000)
  region size 1024K, 41 young (41984K), 2 survivors (2048K)
 Metaspace       used 53561K, capacity 54670K, committed 54912K, reserved 1097728K
  class space    used 6555K, capacity 6952K, committed 7040K, reserved 1048576K
}

